<?xml version="1.0" encoding="UTF-8"?>
<!-- Generated by org.testng.reporters.JUnitXMLReporter -->
<testsuite ignored="0" hostname="LAPTOP-5J2ANKQN" failures="0" tests="5" name="Default test" time="80.466" errors="0" timestamp="2021-03-11T22:05:41 IST">
  <testcase classname="com.crm.qa.testscripts.HomePageTest" name="verifyContactsLink" time="3.857"/>
  <testcase classname="com.crm.qa.testscripts.HomePageTest" name="verifyContactsTasks" time="2.536"/>
  <testcase classname="com.crm.qa.testscripts.HomePageTest" name="verifyDealssLink" time="2.631"/>
  <testcase classname="com.crm.qa.testscripts.HomePageTest" name="verifyHomepageTitle" time="0.007"/>
  <testcase classname="com.crm.qa.testscripts.HomePageTest" name="verifyUserIsLoggedIn" time="0.046"/>
</testsuite> <!-- Default test -->
