<?xml version="1.0" encoding="UTF-8"?>
<!-- Generated by org.testng.reporters.JUnitXMLReporter -->
<testsuite ignored="0" hostname="LAPTOP-5J2ANKQN" failures="0" tests="10" name="Test cases" time="153.831" errors="0" timestamp="2021-03-12T12:44:44 IST">
  <testcase classname="com.crm.qa.testscripts.ContactsPageTest" name="verifyCheckBoxIsSelected" time="0.228"/>
  <testcase classname="com.crm.qa.testscripts.ContactsPageTest" name="verifyContactsLabelTest" time="0.116"/>
  <testcase classname="com.crm.qa.testscripts.HomePageTest" name="verifyContactsLink" time="3.678"/>
  <testcase classname="com.crm.qa.testscripts.HomePageTest" name="verifyContactsTasks" time="4.139"/>
  <testcase classname="com.crm.qa.testscripts.HomePageTest" name="verifyDealssLink" time="4.015"/>
  <testcase classname="com.crm.qa.testscripts.HomePageTest" name="verifyHomepageTitle" time="0.008"/>
  <testcase classname="com.crm.qa.testscripts.HomePageTest" name="verifyUserIsLoggedIn" time="0.079"/>
  <testcase classname="com.crm.qa.testscripts.LoginPageTest" name="validateLoginPageTitle" time="0.053"/>
  <testcase classname="com.crm.qa.testscripts.LoginPageTest" name="validateLogo" time="0.095"/>
  <testcase classname="com.crm.qa.testscripts.LoginPageTest" name="validateLogin" time="7.291"/>
</testsuite> <!-- Test cases -->
