<?xml version="1.0" encoding="UTF-8"?>
<testng-results ignored="0" total="10" passed="10" failed="0" skipped="0">
  <reporter-output>
  </reporter-output>
  <suite started-at="2021-03-12T12:42:10 IST" name="Test Suite" finished-at="2021-03-12T12:44:44 IST" duration-ms="153831">
    <groups>
    </groups>
    <test started-at="2021-03-12T12:42:10 IST" name="Test cases" finished-at="2021-03-12T12:44:44 IST" duration-ms="153831">
      <class name="com.crm.qa.testscripts.LoginPageTest">
        <test-method is-config="true" signature="setIp()[pri:0, instance:com.crm.qa.testscripts.LoginPageTest@22a637e7]" started-at="2021-03-12T12:44:15 IST" name="setIp" finished-at="2021-03-12T12:44:21 IST" duration-ms="5888" status="PASS">
          <reporter-output>
          </reporter-output>
        </test-method> <!-- setIp -->
        <test-method signature="validateLoginPageTitle()[pri:1, instance:com.crm.qa.testscripts.LoginPageTest@22a637e7]" started-at="2021-03-12T12:44:21 IST" name="validateLoginPageTitle" finished-at="2021-03-12T12:44:21 IST" duration-ms="53" status="PASS">
          <reporter-output>
          </reporter-output>
        </test-method> <!-- validateLoginPageTitle -->
        <test-method is-config="true" signature="tearDown()[pri:0, instance:com.crm.qa.testscripts.LoginPageTest@22a637e7]" started-at="2021-03-12T12:44:21 IST" name="tearDown" finished-at="2021-03-12T12:44:22 IST" duration-ms="710" status="PASS">
          <reporter-output>
          </reporter-output>
        </test-method> <!-- tearDown -->
        <test-method is-config="true" signature="setIp()[pri:0, instance:com.crm.qa.testscripts.LoginPageTest@22a637e7]" started-at="2021-03-12T12:44:22 IST" name="setIp" finished-at="2021-03-12T12:44:29 IST" duration-ms="6486" status="PASS">
          <reporter-output>
          </reporter-output>
        </test-method> <!-- setIp -->
        <test-method signature="validateLogo()[pri:2, instance:com.crm.qa.testscripts.LoginPageTest@22a637e7]" started-at="2021-03-12T12:44:29 IST" name="validateLogo" finished-at="2021-03-12T12:44:29 IST" duration-ms="95" status="PASS">
          <reporter-output>
          </reporter-output>
        </test-method> <!-- validateLogo -->
        <test-method is-config="true" signature="tearDown()[pri:0, instance:com.crm.qa.testscripts.LoginPageTest@22a637e7]" started-at="2021-03-12T12:44:29 IST" name="tearDown" finished-at="2021-03-12T12:44:29 IST" duration-ms="730" status="PASS">
          <reporter-output>
          </reporter-output>
        </test-method> <!-- tearDown -->
        <test-method is-config="true" signature="setIp()[pri:0, instance:com.crm.qa.testscripts.LoginPageTest@22a637e7]" started-at="2021-03-12T12:44:29 IST" name="setIp" finished-at="2021-03-12T12:44:36 IST" duration-ms="6186" status="PASS">
          <reporter-output>
          </reporter-output>
        </test-method> <!-- setIp -->
        <test-method signature="validateLogin()[pri:3, instance:com.crm.qa.testscripts.LoginPageTest@22a637e7]" started-at="2021-03-12T12:44:36 IST" name="validateLogin" finished-at="2021-03-12T12:44:43 IST" duration-ms="7291" status="PASS">
          <reporter-output>
          </reporter-output>
        </test-method> <!-- validateLogin -->
        <test-method is-config="true" signature="tearDown()[pri:0, instance:com.crm.qa.testscripts.LoginPageTest@22a637e7]" started-at="2021-03-12T12:44:43 IST" name="tearDown" finished-at="2021-03-12T12:44:44 IST" duration-ms="852" status="PASS">
          <reporter-output>
          </reporter-output>
        </test-method> <!-- tearDown -->
      </class> <!-- com.crm.qa.testscripts.LoginPageTest -->
      <class name="com.crm.qa.testscripts.HomePageTest">
        <test-method is-config="true" signature="setUp()[pri:0, instance:com.crm.qa.testscripts.HomePageTest@69b2283a]" started-at="2021-03-12T12:42:49 IST" name="setUp" finished-at="2021-03-12T12:43:04 IST" duration-ms="14197" status="PASS">
          <reporter-output>
          </reporter-output>
        </test-method> <!-- setUp -->
        <test-method signature="verifyContactsLink()[pri:0, instance:com.crm.qa.testscripts.HomePageTest@69b2283a]" started-at="2021-03-12T12:43:04 IST" name="verifyContactsLink" finished-at="2021-03-12T12:43:07 IST" duration-ms="3678" status="PASS">
          <reporter-output>
          </reporter-output>
        </test-method> <!-- verifyContactsLink -->
        <test-method is-config="true" signature="tearDown()[pri:0, instance:com.crm.qa.testscripts.HomePageTest@69b2283a]" started-at="2021-03-12T12:43:07 IST" name="tearDown" finished-at="2021-03-12T12:43:08 IST" duration-ms="792" status="PASS">
          <reporter-output>
          </reporter-output>
        </test-method> <!-- tearDown -->
        <test-method is-config="true" signature="setUp()[pri:0, instance:com.crm.qa.testscripts.HomePageTest@69b2283a]" started-at="2021-03-12T12:43:08 IST" name="setUp" finished-at="2021-03-12T12:43:21 IST" duration-ms="13466" status="PASS">
          <reporter-output>
          </reporter-output>
        </test-method> <!-- setUp -->
        <test-method signature="verifyContactsTasks()[pri:0, instance:com.crm.qa.testscripts.HomePageTest@69b2283a]" started-at="2021-03-12T12:43:21 IST" name="verifyContactsTasks" finished-at="2021-03-12T12:43:26 IST" duration-ms="4139" status="PASS">
          <reporter-output>
          </reporter-output>
        </test-method> <!-- verifyContactsTasks -->
        <test-method is-config="true" signature="tearDown()[pri:0, instance:com.crm.qa.testscripts.HomePageTest@69b2283a]" started-at="2021-03-12T12:43:26 IST" name="tearDown" finished-at="2021-03-12T12:43:26 IST" duration-ms="815" status="PASS">
          <reporter-output>
          </reporter-output>
        </test-method> <!-- tearDown -->
        <test-method is-config="true" signature="setUp()[pri:0, instance:com.crm.qa.testscripts.HomePageTest@69b2283a]" started-at="2021-03-12T12:43:26 IST" name="setUp" finished-at="2021-03-12T12:43:41 IST" duration-ms="14126" status="PASS">
          <reporter-output>
          </reporter-output>
        </test-method> <!-- setUp -->
        <test-method signature="verifyDealssLink()[pri:0, instance:com.crm.qa.testscripts.HomePageTest@69b2283a]" started-at="2021-03-12T12:43:41 IST" name="verifyDealssLink" finished-at="2021-03-12T12:43:45 IST" duration-ms="4015" status="PASS">
          <reporter-output>
          </reporter-output>
        </test-method> <!-- verifyDealssLink -->
        <test-method is-config="true" signature="tearDown()[pri:0, instance:com.crm.qa.testscripts.HomePageTest@69b2283a]" started-at="2021-03-12T12:43:45 IST" name="tearDown" finished-at="2021-03-12T12:43:45 IST" duration-ms="813" status="PASS">
          <reporter-output>
          </reporter-output>
        </test-method> <!-- tearDown -->
        <test-method is-config="true" signature="setUp()[pri:0, instance:com.crm.qa.testscripts.HomePageTest@69b2283a]" started-at="2021-03-12T12:43:45 IST" name="setUp" finished-at="2021-03-12T12:43:59 IST" duration-ms="13850" status="PASS">
          <reporter-output>
          </reporter-output>
        </test-method> <!-- setUp -->
        <test-method signature="verifyHomepageTitle()[pri:0, instance:com.crm.qa.testscripts.HomePageTest@69b2283a]" started-at="2021-03-12T12:43:59 IST" name="verifyHomepageTitle" finished-at="2021-03-12T12:43:59 IST" duration-ms="8" status="PASS">
          <reporter-output>
          </reporter-output>
        </test-method> <!-- verifyHomepageTitle -->
        <test-method is-config="true" signature="tearDown()[pri:0, instance:com.crm.qa.testscripts.HomePageTest@69b2283a]" started-at="2021-03-12T12:43:59 IST" name="tearDown" finished-at="2021-03-12T12:44:01 IST" duration-ms="1348" status="PASS">
          <reporter-output>
          </reporter-output>
        </test-method> <!-- tearDown -->
        <test-method is-config="true" signature="setUp()[pri:0, instance:com.crm.qa.testscripts.HomePageTest@69b2283a]" started-at="2021-03-12T12:44:01 IST" name="setUp" finished-at="2021-03-12T12:44:15 IST" duration-ms="13988" status="PASS">
          <reporter-output>
          </reporter-output>
        </test-method> <!-- setUp -->
        <test-method signature="verifyUserIsLoggedIn()[pri:0, instance:com.crm.qa.testscripts.HomePageTest@69b2283a]" started-at="2021-03-12T12:44:15 IST" name="verifyUserIsLoggedIn" finished-at="2021-03-12T12:44:15 IST" duration-ms="79" status="PASS">
          <reporter-output>
          </reporter-output>
        </test-method> <!-- verifyUserIsLoggedIn -->
        <test-method is-config="true" signature="tearDown()[pri:0, instance:com.crm.qa.testscripts.HomePageTest@69b2283a]" started-at="2021-03-12T12:44:15 IST" name="tearDown" finished-at="2021-03-12T12:44:15 IST" duration-ms="780" status="PASS">
          <reporter-output>
          </reporter-output>
        </test-method> <!-- tearDown -->
      </class> <!-- com.crm.qa.testscripts.HomePageTest -->
      <class name="com.crm.qa.testscripts.ContactsPageTest">
        <test-method is-config="true" signature="setUp()[pri:0, instance:com.crm.qa.testscripts.ContactsPageTest@bef2d72]" started-at="2021-03-12T12:42:10 IST" name="setUp" finished-at="2021-03-12T12:42:29 IST" duration-ms="19313" status="PASS">
          <reporter-output>
          </reporter-output>
        </test-method> <!-- setUp -->
        <test-method signature="verifyCheckBoxIsSelected()[pri:0, instance:com.crm.qa.testscripts.ContactsPageTest@bef2d72]" started-at="2021-03-12T12:42:29 IST" name="verifyCheckBoxIsSelected" finished-at="2021-03-12T12:42:30 IST" duration-ms="228" status="PASS">
          <reporter-output>
          </reporter-output>
        </test-method> <!-- verifyCheckBoxIsSelected -->
        <test-method is-config="true" signature="tearDown()[pri:0, instance:com.crm.qa.testscripts.ContactsPageTest@bef2d72]" started-at="2021-03-12T12:42:30 IST" name="tearDown" finished-at="2021-03-12T12:42:30 IST" duration-ms="823" status="PASS">
          <reporter-output>
          </reporter-output>
        </test-method> <!-- tearDown -->
        <test-method is-config="true" signature="setUp()[pri:0, instance:com.crm.qa.testscripts.ContactsPageTest@bef2d72]" started-at="2021-03-12T12:42:30 IST" name="setUp" finished-at="2021-03-12T12:42:48 IST" duration-ms="18058" status="PASS">
          <reporter-output>
          </reporter-output>
        </test-method> <!-- setUp -->
        <test-method signature="verifyContactsLabelTest()[pri:0, instance:com.crm.qa.testscripts.ContactsPageTest@bef2d72]" started-at="2021-03-12T12:42:48 IST" name="verifyContactsLabelTest" finished-at="2021-03-12T12:42:49 IST" duration-ms="116" status="PASS">
          <reporter-output>
          </reporter-output>
        </test-method> <!-- verifyContactsLabelTest -->
        <test-method is-config="true" signature="tearDown()[pri:0, instance:com.crm.qa.testscripts.ContactsPageTest@bef2d72]" started-at="2021-03-12T12:42:49 IST" name="tearDown" finished-at="2021-03-12T12:42:49 IST" duration-ms="788" status="PASS">
          <reporter-output>
          </reporter-output>
        </test-method> <!-- tearDown -->
      </class> <!-- com.crm.qa.testscripts.ContactsPageTest -->
    </test> <!-- Test cases -->
  </suite> <!-- Test Suite -->
</testng-results>
